<?xml version="1.0" encoding="UTF-8"?>
<!-- Generated by org.testng.reporters.JUnitReportReporter -->
<testsuite hostname="rahul-PC" name="com.automationinfotech.Log4j.LoginTest" tests="1" failures="0" timestamp="22 Aug 2019 05:33:22 GMT" time="9.333" errors="0">
  <testcase name="titleTest" time="9.333" classname="com.automationinfotech.Log4j.LoginTest"/>
</testsuite> <!-- com.automationinfotech.Log4j.LoginTest -->
